{"J:\\Projekte\\theKey\\keyAssessment\\postcss.config.js": {"path":"J:\\Projekte\\theKey\\keyAssessment\\postcss.config.js","all":true,"statementMap":{"0":{"start":{"line":1,"column":0},"end":{"line":1,"column":16}},"1":{"start":{"line":2,"column":0},"end":{"line":2,"column":12}},"2":{"start":{"line":3,"column":0},"end":{"line":3,"column":20}},"3":{"start":{"line":4,"column":0},"end":{"line":4,"column":21}},"4":{"start":{"line":5,"column":0},"end":{"line":5,"column":4}},"5":{"start":{"line":6,"column":0},"end":{"line":6,"column":2}}},"s":{"0":0,"1":0,"2":0,"3":0,"4":0,"5":0},"branchMap":{"0":{"type":"branch","line":1,"loc":{"start":{"line":1,"column":0},"end":{"line":6,"column":-13}},"locations":[{"start":{"line":1,"column":0},"end":{"line":6,"column":-13}}]}},"b":{"0":[0]},"fnMap":{"0":{"name":"(empty-report)","decl":{"start":{"line":1,"column":0},"end":{"line":6,"column":-13}},"loc":{"start":{"line":1,"column":0},"end":{"line":6,"column":-13}},"line":1}},"f":{"0":0}}
,"J:\\Projekte\\theKey\\keyAssessment\\tailwind.config.js": {"path":"J:\\Projekte\\theKey\\keyAssessment\\tailwind.config.js","all":true,"statementMap":{"0":{"start":{"line":1,"column":0},"end":{"line":1,"column":43}},"1":{"start":{"line":2,"column":0},"end":{"line":2,"column":16}},"2":{"start":{"line":3,"column":0},"end":{"line":3,"column":30}},"3":{"start":{"line":4,"column":0},"end":{"line":4,"column":10}},"4":{"start":{"line":5,"column":0},"end":{"line":5,"column":15}},"5":{"start":{"line":6,"column":0},"end":{"line":6,"column":4}},"6":{"start":{"line":7,"column":0},"end":{"line":7,"column":14}},"7":{"start":{"line":8,"column":0},"end":{"line":8,"column":1}}},"s":{"0":0,"1":0,"2":0,"3":0,"4":0,"5":0,"6":0,"7":0},"branchMap":{"0":{"type":"branch","line":1,"loc":{"start":{"line":1,"column":0},"end":{"line":8,"column":-13}},"locations":[{"start":{"line":1,"column":0},"end":{"line":8,"column":-13}}]}},"b":{"0":[0]},"fnMap":{"0":{"name":"(empty-report)","decl":{"start":{"line":1,"column":0},"end":{"line":8,"column":-13}},"loc":{"start":{"line":1,"column":0},"end":{"line":8,"column":-13}},"line":1}},"f":{"0":0}}
,"J:\\Projekte\\theKey\\keyAssessment\\src\\App.tsx": {"path":"J:\\Projekte\\theKey\\keyAssessment\\src\\App.tsx","all":true,"statementMap":{"0":{"start":{"line":1,"column":0},"end":{"line":1,"column":38}},"1":{"start":{"line":2,"column":0},"end":{"line":2,"column":44}},"2":{"start":{"line":3,"column":0},"end":{"line":3,"column":47}},"3":{"start":{"line":4,"column":0},"end":{"line":4,"column":52}},"5":{"start":{"line":6,"column":0},"end":{"line":6,"column":16}},"6":{"start":{"line":7,"column":0},"end":{"line":7,"column":10}},"7":{"start":{"line":8,"column":0},"end":{"line":8,"column":6}},"8":{"start":{"line":9,"column":0},"end":{"line":9,"column":15}},"9":{"start":{"line":10,"column":0},"end":{"line":10,"column":16}},"10":{"start":{"line":11,"column":0},"end":{"line":11,"column":51}},"11":{"start":{"line":12,"column":0},"end":{"line":12,"column":49}},"12":{"start":{"line":13,"column":0},"end":{"line":13,"column":17}},"13":{"start":{"line":14,"column":0},"end":{"line":14,"column":7}},"15":{"start":{"line":16,"column":0},"end":{"line":16,"column":1}},"17":{"start":{"line":18,"column":0},"end":{"line":18,"column":19}}},"s":{"0":0,"1":0,"2":0,"3":0,"5":0,"6":0,"7":0,"8":0,"9":0,"10":0,"11":0,"12":0,"13":0,"15":0,"17":0},"branchMap":{"0":{"type":"branch","line":1,"loc":{"start":{"line":1,"column":218},"end":{"line":18,"column":-259}},"locations":[{"start":{"line":1,"column":218},"end":{"line":18,"column":-259}}]}},"b":{"0":[0]},"fnMap":{"0":{"name":"(empty-report)","decl":{"start":{"line":1,"column":218},"end":{"line":18,"column":-259}},"loc":{"start":{"line":1,"column":218},"end":{"line":18,"column":-259}},"line":1}},"f":{"0":0}}
,"J:\\Projekte\\theKey\\keyAssessment\\src\\main.tsx": {"path":"J:\\Projekte\\theKey\\keyAssessment\\src\\main.tsx","all":true,"statementMap":{"0":{"start":{"line":1,"column":0},"end":{"line":1,"column":32}},"1":{"start":{"line":2,"column":0},"end":{"line":2,"column":43}},"2":{"start":{"line":3,"column":0},"end":{"line":3,"column":20}},"3":{"start":{"line":4,"column":0},"end":{"line":4,"column":27}},"4":{"start":{"line":5,"column":0},"end":{"line":5,"column":75}},"5":{"start":{"line":6,"column":0},"end":{"line":6,"column":44}},"6":{"start":{"line":7,"column":0},"end":{"line":7,"column":42}},"7":{"start":{"line":8,"column":0},"end":{"line":8,"column":47}},"9":{"start":{"line":10,"column":0},"end":{"line":10,"column":12}},"11":{"start":{"line":12,"column":0},"end":{"line":12,"column":19}},"12":{"start":{"line":13,"column":0},"end":{"line":13,"column":96}},"13":{"start":{"line":14,"column":0},"end":{"line":14,"column":1}},"15":{"start":{"line":16,"column":0},"end":{"line":16,"column":33}},"16":{"start":{"line":17,"column":0},"end":{"line":17,"column":17}},"17":{"start":{"line":18,"column":0},"end":{"line":18,"column":29}},"18":{"start":{"line":19,"column":0},"end":{"line":19,"column":18}},"19":{"start":{"line":20,"column":0},"end":{"line":20,"column":2}},"21":{"start":{"line":22,"column":0},"end":{"line":22,"column":52}},"22":{"start":{"line":23,"column":0},"end":{"line":23,"column":17}},"23":{"start":{"line":24,"column":0},"end":{"line":24,"column":16}},"24":{"start":{"line":25,"column":0},"end":{"line":25,"column":38}},"25":{"start":{"line":26,"column":0},"end":{"line":26,"column":14}},"26":{"start":{"line":27,"column":0},"end":{"line":27,"column":23}},"27":{"start":{"line":28,"column":0},"end":{"line":28,"column":17}},"28":{"start":{"line":29,"column":0},"end":{"line":29,"column":19}}},"s":{"0":0,"1":0,"2":0,"3":0,"4":0,"5":0,"6":0,"7":0,"9":0,"11":0,"12":0,"13":0,"15":0,"16":0,"17":0,"18":0,"19":0,"21":0,"22":0,"23":0,"24":0,"25":0,"26":0,"27":0,"28":0},"branchMap":{"0":{"type":"branch","line":1,"loc":{"start":{"line":1,"column":713},"end":{"line":29,"column":-473}},"locations":[{"start":{"line":1,"column":713},"end":{"line":29,"column":-473}}]}},"b":{"0":[0]},"fnMap":{"0":{"name":"(empty-report)","decl":{"start":{"line":1,"column":713},"end":{"line":29,"column":-473}},"loc":{"start":{"line":1,"column":713},"end":{"line":29,"column":-473}},"line":1}},"f":{"0":0}}
,"J:\\Projekte\\theKey\\keyAssessment\\src\\components\\node.tsx": {"path":"J:\\Projekte\\theKey\\keyAssessment\\src\\components\\node.tsx","all":false,"statementMap":{"4":{"start":{"line":5,"column":0},"end":{"line":5,"column":38}},"5":{"start":{"line":6,"column":0},"end":{"line":6,"column":68}},"6":{"start":{"line":7,"column":0},"end":{"line":7,"column":18}},"7":{"start":{"line":8,"column":0},"end":{"line":8,"column":8}},"8":{"start":{"line":9,"column":0},"end":{"line":9,"column":1}},"10":{"start":{"line":11,"column":0},"end":{"line":11,"column":19}}},"s":{"4":1,"5":20,"6":20,"7":20,"8":20,"10":1},"branchMap":{"0":{"type":"branch","line":5,"loc":{"start":{"line":5,"column":13},"end":{"line":9,"column":1}},"locations":[{"start":{"line":5,"column":13},"end":{"line":9,"column":1}}]}},"b":{"0":[20]},"fnMap":{"0":{"name":"Node","decl":{"start":{"line":5,"column":13},"end":{"line":9,"column":1}},"loc":{"start":{"line":5,"column":13},"end":{"line":9,"column":1}},"line":5}},"f":{"0":20}}
,"J:\\Projekte\\theKey\\keyAssessment\\src\\components\\sortableNode.tsx": {"path":"J:\\Projekte\\theKey\\keyAssessment\\src\\components\\sortableNode.tsx","all":false,"statementMap":{"0":{"start":{"line":1,"column":0},"end":{"line":1,"column":30}},"1":{"start":{"line":2,"column":0},"end":{"line":2,"column":46}},"2":{"start":{"line":3,"column":0},"end":{"line":3,"column":39}},"4":{"start":{"line":5,"column":0},"end":{"line":5,"column":65}},"5":{"start":{"line":6,"column":0},"end":{"line":6,"column":9}},"6":{"start":{"line":7,"column":0},"end":{"line":7,"column":15}},"7":{"start":{"line":8,"column":0},"end":{"line":8,"column":14}},"8":{"start":{"line":9,"column":0},"end":{"line":9,"column":15}},"9":{"start":{"line":10,"column":0},"end":{"line":10,"column":14}},"10":{"start":{"line":11,"column":0},"end":{"line":11,"column":15}},"11":{"start":{"line":12,"column":0},"end":{"line":12,"column":14}},"12":{"start":{"line":13,"column":0},"end":{"line":13,"column":24}},"14":{"start":{"line":15,"column":0},"end":{"line":15,"column":17}},"15":{"start":{"line":16,"column":0},"end":{"line":16,"column":49}},"16":{"start":{"line":17,"column":0},"end":{"line":17,"column":14}},"17":{"start":{"line":18,"column":0},"end":{"line":18,"column":4}},"19":{"start":{"line":20,"column":0},"end":{"line":20,"column":10}},"20":{"start":{"line":21,"column":0},"end":{"line":21,"column":8}},"21":{"start":{"line":22,"column":0},"end":{"line":22,"column":22}},"22":{"start":{"line":23,"column":0},"end":{"line":23,"column":19}},"23":{"start":{"line":24,"column":0},"end":{"line":24,"column":21}},"24":{"start":{"line":25,"column":0},"end":{"line":25,"column":20}},"25":{"start":{"line":26,"column":0},"end":{"line":26,"column":66}},"26":{"start":{"line":27,"column":0},"end":{"line":27,"column":18}},"27":{"start":{"line":28,"column":0},"end":{"line":28,"column":46}},"28":{"start":{"line":29,"column":0},"end":{"line":29,"column":39}},"29":{"start":{"line":30,"column":0},"end":{"line":30,"column":9}},"31":{"start":{"line":32,"column":0},"end":{"line":32,"column":53}},"32":{"start":{"line":33,"column":0},"end":{"line":33,"column":10}},"34":{"start":{"line":35,"column":0},"end":{"line":35,"column":2}},"36":{"start":{"line":37,"column":0},"end":{"line":37,"column":28}}},"s":{"0":1,"1":1,"2":1,"4":1,"5":17,"6":17,"7":17,"8":17,"9":17,"10":17,"11":17,"12":17,"14":17,"15":17,"16":17,"17":17,"19":17,"20":17,"21":17,"22":17,"23":17,"24":17,"25":17,"26":17,"27":0,"28":17,"29":17,"31":17,"32":17,"34":17,"36":1},"branchMap":{"0":{"type":"branch","line":5,"loc":{"start":{"line":5,"column":21},"end":{"line":35,"column":2}},"locations":[{"start":{"line":5,"column":21},"end":{"line":35,"column":2}}]},"1":{"type":"branch","line":27,"loc":{"start":{"line":27,"column":8},"end":{"line":28,"column":46}},"locations":[{"start":{"line":27,"column":8},"end":{"line":28,"column":46}}]}},"b":{"0":[17],"1":[0]},"fnMap":{"0":{"name":"SortableNode","decl":{"start":{"line":5,"column":21},"end":{"line":35,"column":2}},"loc":{"start":{"line":5,"column":21},"end":{"line":35,"column":2}},"line":5}},"f":{"0":17}}
,"J:\\Projekte\\theKey\\keyAssessment\\src\\components\\input\\button.tsx": {"path":"J:\\Projekte\\theKey\\keyAssessment\\src\\components\\input\\button.tsx","all":false,"statementMap":{"8":{"start":{"line":9,"column":0},"end":{"line":9,"column":111}},"9":{"start":{"line":10,"column":0},"end":{"line":10,"column":16}},"10":{"start":{"line":11,"column":0},"end":{"line":11,"column":23}},"11":{"start":{"line":12,"column":0},"end":{"line":12,"column":21}},"12":{"start":{"line":13,"column":0},"end":{"line":13,"column":15}},"13":{"start":{"line":14,"column":0},"end":{"line":14,"column":11}},"14":{"start":{"line":15,"column":0},"end":{"line":15,"column":17}},"15":{"start":{"line":16,"column":0},"end":{"line":16,"column":105}},"16":{"start":{"line":17,"column":0},"end":{"line":17,"column":11}},"17":{"start":{"line":18,"column":0},"end":{"line":18,"column":1}},"19":{"start":{"line":20,"column":0},"end":{"line":20,"column":22}}},"s":{"8":1,"9":22,"10":22,"11":22,"12":22,"13":22,"14":22,"15":2,"16":22,"17":22,"19":1},"branchMap":{"0":{"type":"branch","line":9,"loc":{"start":{"line":9,"column":38},"end":{"line":18,"column":1}},"locations":[{"start":{"line":9,"column":38},"end":{"line":18,"column":1}}]},"1":{"type":"branch","line":15,"loc":{"start":{"line":15,"column":5},"end":{"line":16,"column":105}},"locations":[{"start":{"line":15,"column":5},"end":{"line":16,"column":105}}]}},"b":{"0":[22],"1":[2]},"fnMap":{"0":{"name":"Button","decl":{"start":{"line":9,"column":38},"end":{"line":18,"column":1}},"loc":{"start":{"line":9,"column":38},"end":{"line":18,"column":1}},"line":9}},"f":{"0":22}}
,"J:\\Projekte\\theKey\\keyAssessment\\src\\components\\input\\text.tsx": {"path":"J:\\Projekte\\theKey\\keyAssessment\\src\\components\\input\\text.tsx","all":false,"statementMap":{"1":{"start":{"line":2,"column":0},"end":{"line":2,"column":36}},"2":{"start":{"line":3,"column":0},"end":{"line":3,"column":31}},"13":{"start":{"line":14,"column":0},"end":{"line":14,"column":43}},"14":{"start":{"line":15,"column":0},"end":{"line":15,"column":97}},"15":{"start":{"line":16,"column":0},"end":{"line":16,"column":52}},"16":{"start":{"line":17,"column":0},"end":{"line":17,"column":50}},"18":{"start":{"line":19,"column":0},"end":{"line":19,"column":60}},"20":{"start":{"line":21,"column":0},"end":{"line":21,"column":47}},"21":{"start":{"line":22,"column":0},"end":{"line":22,"column":69}},"22":{"start":{"line":23,"column":0},"end":{"line":23,"column":24}},"23":{"start":{"line":24,"column":0},"end":{"line":24,"column":38}},"24":{"start":{"line":25,"column":0},"end":{"line":25,"column":4}},"26":{"start":{"line":27,"column":0},"end":{"line":27,"column":12}},"27":{"start":{"line":28,"column":0},"end":{"line":28,"column":75}},"28":{"start":{"line":29,"column":0},"end":{"line":29,"column":17}},"29":{"start":{"line":30,"column":0},"end":{"line":30,"column":14}},"30":{"start":{"line":31,"column":0},"end":{"line":31,"column":22}},"31":{"start":{"line":32,"column":0},"end":{"line":32,"column":32}},"32":{"start":{"line":33,"column":0},"end":{"line":33,"column":78}},"33":{"start":{"line":34,"column":0},"end":{"line":34,"column":13}},"34":{"start":{"line":35,"column":0},"end":{"line":35,"column":77}},"35":{"start":{"line":36,"column":0},"end":{"line":36,"column":80}},"36":{"start":{"line":37,"column":0},"end":{"line":37,"column":13}},"37":{"start":{"line":38,"column":0},"end":{"line":38,"column":12}},"39":{"start":{"line":40,"column":0},"end":{"line":40,"column":16}},"40":{"start":{"line":41,"column":0},"end":{"line":41,"column":16}},"42":{"start":{"line":43,"column":0},"end":{"line":43,"column":12}},"43":{"start":{"line":44,"column":0},"end":{"line":44,"column":15}},"44":{"start":{"line":45,"column":0},"end":{"line":45,"column":30}},"45":{"start":{"line":46,"column":0},"end":{"line":46,"column":42}},"46":{"start":{"line":47,"column":0},"end":{"line":47,"column":61}},"47":{"start":{"line":48,"column":0},"end":{"line":48,"column":10}},"48":{"start":{"line":49,"column":0},"end":{"line":49,"column":29}},"49":{"start":{"line":50,"column":0},"end":{"line":50,"column":27}},"50":{"start":{"line":51,"column":0},"end":{"line":51,"column":56}},"51":{"start":{"line":52,"column":0},"end":{"line":52,"column":18}},"52":{"start":{"line":53,"column":0},"end":{"line":53,"column":8}},"53":{"start":{"line":54,"column":0},"end":{"line":54,"column":34}},"54":{"start":{"line":55,"column":0},"end":{"line":55,"column":15}},"55":{"start":{"line":56,"column":0},"end":{"line":56,"column":23}},"56":{"start":{"line":57,"column":0},"end":{"line":57,"column":97}},"57":{"start":{"line":58,"column":0},"end":{"line":58,"column":50}},"59":{"start":{"line":60,"column":0},"end":{"line":60,"column":40}},"60":{"start":{"line":61,"column":0},"end":{"line":61,"column":17}},"62":{"start":{"line":63,"column":0},"end":{"line":63,"column":10}},"63":{"start":{"line":64,"column":0},"end":{"line":64,"column":15}},"64":{"start":{"line":65,"column":0},"end":{"line":65,"column":65}},"66":{"start":{"line":67,"column":0},"end":{"line":67,"column":5}},"68":{"start":{"line":69,"column":0},"end":{"line":69,"column":2}},"70":{"start":{"line":71,"column":0},"end":{"line":71,"column":25}}},"s":{"1":1,"2":1,"13":1,"14":1,"15":45,"16":45,"18":45,"20":45,"21":45,"22":1,"23":1,"24":1,"26":45,"27":45,"28":45,"29":38,"30":38,"31":38,"32":38,"33":38,"34":38,"35":38,"36":38,"37":38,"39":38,"40":38,"42":45,"43":45,"44":45,"45":45,"46":45,"47":45,"48":45,"49":45,"50":45,"51":45,"52":45,"53":45,"54":17,"55":17,"56":17,"57":17,"59":17,"60":17,"62":45,"63":45,"64":1,"66":45,"68":45,"70":1},"branchMap":{"0":{"type":"branch","line":15,"loc":{"start":{"line":15,"column":2},"end":{"line":69,"column":2}},"locations":[{"start":{"line":15,"column":2},"end":{"line":69,"column":2}}]},"1":{"type":"branch","line":19,"loc":{"start":{"line":19,"column":19},"end":{"line":19,"column":35}},"locations":[{"start":{"line":19,"column":19},"end":{"line":19,"column":35}}]},"2":{"type":"branch","line":19,"loc":{"start":{"line":19,"column":35},"end":{"line":19,"column":49}},"locations":[{"start":{"line":19,"column":35},"end":{"line":19,"column":49}}]},"3":{"type":"branch","line":29,"loc":{"start":{"line":29,"column":7},"end":{"line":41,"column":16}},"locations":[{"start":{"line":29,"column":7},"end":{"line":41,"column":16}}]},"4":{"type":"branch","line":35,"loc":{"start":{"line":35,"column":55},"end":{"line":35,"column":77}},"locations":[{"start":{"line":35,"column":55},"end":{"line":35,"column":77}}]},"5":{"type":"branch","line":36,"loc":{"start":{"line":36,"column":57},"end":{"line":36,"column":80}},"locations":[{"start":{"line":36,"column":57},"end":{"line":36,"column":80}}]},"6":{"type":"branch","line":54,"loc":{"start":{"line":54,"column":7},"end":{"line":61,"column":17}},"locations":[{"start":{"line":54,"column":7},"end":{"line":61,"column":17}}]},"7":{"type":"branch","line":64,"loc":{"start":{"line":64,"column":5},"end":{"line":65,"column":65}},"locations":[{"start":{"line":64,"column":5},"end":{"line":65,"column":65}}]},"8":{"type":"branch","line":21,"loc":{"start":{"line":21,"column":22},"end":{"line":21,"column":47}},"locations":[{"start":{"line":21,"column":22},"end":{"line":21,"column":47}}]},"9":{"type":"branch","line":22,"loc":{"start":{"line":22,"column":21},"end":{"line":25,"column":4}},"locations":[{"start":{"line":22,"column":21},"end":{"line":25,"column":4}}]},"10":{"type":"branch","line":51,"loc":{"start":{"line":51,"column":18},"end":{"line":51,"column":56}},"locations":[{"start":{"line":51,"column":18},"end":{"line":51,"column":56}}]}},"b":{"0":[45],"1":[0],"2":[38],"3":[38],"4":[36],"5":[36],"6":[17],"7":[1],"8":[2],"9":[1],"10":[6]},"fnMap":{"0":{"name":"TextInput","decl":{"start":{"line":15,"column":2},"end":{"line":69,"column":2}},"loc":{"start":{"line":15,"column":2},"end":{"line":69,"column":2}},"line":15},"1":{"name":"handleFocus","decl":{"start":{"line":21,"column":22},"end":{"line":21,"column":47}},"loc":{"start":{"line":21,"column":22},"end":{"line":21,"column":47}},"line":21},"2":{"name":"handleBlur","decl":{"start":{"line":22,"column":21},"end":{"line":25,"column":4}},"loc":{"start":{"line":22,"column":21},"end":{"line":25,"column":4}},"line":22},"3":{"name":"onChange","decl":{"start":{"line":51,"column":18},"end":{"line":51,"column":56}},"loc":{"start":{"line":51,"column":18},"end":{"line":51,"column":56}},"line":51}},"f":{"0":45,"1":2,"2":1,"3":6}}
,"J:\\Projekte\\theKey\\keyAssessment\\src\\components\\layout\\header.tsx": {"path":"J:\\Projekte\\theKey\\keyAssessment\\src\\components\\layout\\header.tsx","all":true,"statementMap":{"0":{"start":{"line":1,"column":0},"end":{"line":1,"column":58}},"1":{"start":{"line":2,"column":0},"end":{"line":2,"column":41}},"2":{"start":{"line":3,"column":0},"end":{"line":3,"column":43}},"4":{"start":{"line":5,"column":0},"end":{"line":5,"column":22}},"5":{"start":{"line":6,"column":0},"end":{"line":6,"column":42}},"6":{"start":{"line":7,"column":0},"end":{"line":7,"column":76}},"7":{"start":{"line":8,"column":0},"end":{"line":8,"column":12}},"8":{"start":{"line":9,"column":0},"end":{"line":9,"column":84}},"9":{"start":{"line":10,"column":0},"end":{"line":10,"column":107}},"10":{"start":{"line":11,"column":0},"end":{"line":11,"column":10}},"11":{"start":{"line":12,"column":0},"end":{"line":12,"column":6}},"12":{"start":{"line":13,"column":0},"end":{"line":13,"column":1}},"14":{"start":{"line":15,"column":0},"end":{"line":15,"column":21}}},"s":{"0":0,"1":0,"2":0,"4":0,"5":0,"6":0,"7":0,"8":0,"9":0,"10":0,"11":0,"12":0,"14":0},"branchMap":{"0":{"type":"branch","line":1,"loc":{"start":{"line":1,"column":306},"end":{"line":15,"column":-325}},"locations":[{"start":{"line":1,"column":306},"end":{"line":15,"column":-325}}]}},"b":{"0":[0]},"fnMap":{"0":{"name":"(empty-report)","decl":{"start":{"line":1,"column":306},"end":{"line":15,"column":-325}},"loc":{"start":{"line":1,"column":306},"end":{"line":15,"column":-325}},"line":1}},"f":{"0":0}}
,"J:\\Projekte\\theKey\\keyAssessment\\src\\pages\\login.tsx": {"path":"J:\\Projekte\\theKey\\keyAssessment\\src\\pages\\login.tsx","all":false,"statementMap":{"0":{"start":{"line":1,"column":0},"end":{"line":1,"column":53}},"1":{"start":{"line":2,"column":0},"end":{"line":2,"column":52}},"2":{"start":{"line":3,"column":0},"end":{"line":3,"column":60}},"3":{"start":{"line":4,"column":0},"end":{"line":4,"column":66}},"4":{"start":{"line":5,"column":0},"end":{"line":5,"column":43}},"5":{"start":{"line":6,"column":0},"end":{"line":6,"column":55}},"6":{"start":{"line":7,"column":0},"end":{"line":7,"column":49}},"8":{"start":{"line":9,"column":0},"end":{"line":9,"column":21}},"9":{"start":{"line":10,"column":0},"end":{"line":10,"column":14}},"10":{"start":{"line":11,"column":0},"end":{"line":11,"column":66}},"11":{"start":{"line":12,"column":0},"end":{"line":12,"column":55}},"12":{"start":{"line":13,"column":0},"end":{"line":13,"column":55}},"13":{"start":{"line":14,"column":0},"end":{"line":14,"column":67}},"14":{"start":{"line":15,"column":0},"end":{"line":15,"column":66}},"16":{"start":{"line":17,"column":0},"end":{"line":17,"column":19}},"17":{"start":{"line":18,"column":0},"end":{"line":18,"column":67}},"18":{"start":{"line":19,"column":0},"end":{"line":19,"column":27}},"20":{"start":{"line":21,"column":0},"end":{"line":21,"column":57}},"21":{"start":{"line":22,"column":0},"end":{"line":22,"column":22}},"22":{"start":{"line":23,"column":0},"end":{"line":23,"column":30}},"23":{"start":{"line":24,"column":0},"end":{"line":24,"column":77}},"24":{"start":{"line":25,"column":0},"end":{"line":25,"column":57}},"25":{"start":{"line":26,"column":0},"end":{"line":26,"column":39}},"26":{"start":{"line":27,"column":0},"end":{"line":27,"column":18}},"27":{"start":{"line":28,"column":0},"end":{"line":28,"column":21}},"28":{"start":{"line":29,"column":0},"end":{"line":29,"column":70}},"29":{"start":{"line":30,"column":0},"end":{"line":30,"column":10}},"30":{"start":{"line":31,"column":0},"end":{"line":31,"column":9}},"31":{"start":{"line":32,"column":0},"end":{"line":32,"column":21}},"32":{"start":{"line":33,"column":0},"end":{"line":33,"column":22}},"33":{"start":{"line":34,"column":0},"end":{"line":34,"column":7}},"34":{"start":{"line":35,"column":0},"end":{"line":35,"column":3}},"36":{"start":{"line":37,"column":0},"end":{"line":37,"column":11}},"37":{"start":{"line":38,"column":0},"end":{"line":38,"column":6}},"38":{"start":{"line":39,"column":0},"end":{"line":39,"column":73}},"39":{"start":{"line":40,"column":0},"end":{"line":40,"column":63}},"40":{"start":{"line":41,"column":0},"end":{"line":41,"column":125}},"41":{"start":{"line":42,"column":0},"end":{"line":42,"column":34}},"42":{"start":{"line":43,"column":0},"end":{"line":43,"column":30}},"43":{"start":{"line":44,"column":0},"end":{"line":44,"column":48}},"44":{"start":{"line":45,"column":0},"end":{"line":45,"column":37}},"45":{"start":{"line":46,"column":0},"end":{"line":46,"column":122}},"46":{"start":{"line":47,"column":0},"end":{"line":47,"column":60}},"47":{"start":{"line":48,"column":0},"end":{"line":48,"column":71}},"48":{"start":{"line":49,"column":0},"end":{"line":49,"column":75}},"49":{"start":{"line":50,"column":0},"end":{"line":50,"column":15}},"50":{"start":{"line":51,"column":0},"end":{"line":51,"column":12}},"51":{"start":{"line":52,"column":0},"end":{"line":52,"column":7}},"53":{"start":{"line":54,"column":0},"end":{"line":54,"column":1}},"55":{"start":{"line":56,"column":0},"end":{"line":56,"column":21}}},"s":{"0":1,"1":1,"2":1,"3":1,"4":1,"5":1,"6":1,"8":1,"9":18,"10":18,"11":18,"12":18,"13":18,"14":18,"16":18,"17":9,"18":18,"20":18,"21":1,"22":1,"23":1,"24":1,"25":1,"26":0,"27":0,"28":0,"29":0,"30":1,"31":1,"32":0,"33":1,"34":1,"36":18,"37":18,"38":18,"39":18,"40":18,"41":18,"42":18,"43":18,"44":18,"45":18,"46":18,"47":18,"48":18,"49":18,"50":18,"51":18,"53":18,"55":1},"branchMap":{"0":{"type":"branch","line":9,"loc":{"start":{"line":9,"column":14},"end":{"line":54,"column":1}},"locations":[{"start":{"line":9,"column":14},"end":{"line":54,"column":1}}]},"1":{"type":"branch","line":46,"loc":{"start":{"line":46,"column":20},"end":{"line":46,"column":78}},"locations":[{"start":{"line":46,"column":20},"end":{"line":46,"column":78}}]},"2":{"type":"branch","line":46,"loc":{"start":{"line":46,"column":71},"end":{"line":46,"column":122}},"locations":[{"start":{"line":46,"column":71},"end":{"line":46,"column":122}}]},"3":{"type":"branch","line":48,"loc":{"start":{"line":48,"column":34},"end":{"line":48,"column":58}},"locations":[{"start":{"line":48,"column":34},"end":{"line":48,"column":58}}]},"4":{"type":"branch","line":48,"loc":{"start":{"line":48,"column":49},"end":{"line":48,"column":69}},"locations":[{"start":{"line":48,"column":49},"end":{"line":48,"column":69}}]},"5":{"type":"branch","line":17,"loc":{"start":{"line":17,"column":12},"end":{"line":19,"column":5}},"locations":[{"start":{"line":17,"column":12},"end":{"line":19,"column":5}}]},"6":{"type":"branch","line":18,"loc":{"start":{"line":18,"column":40},"end":{"line":18,"column":66}},"locations":[{"start":{"line":18,"column":40},"end":{"line":18,"column":66}}]},"7":{"type":"branch","line":21,"loc":{"start":{"line":21,"column":16},"end":{"line":35,"column":3}},"locations":[{"start":{"line":21,"column":16},"end":{"line":35,"column":3}}]},"8":{"type":"branch","line":24,"loc":{"start":{"line":24,"column":69},"end":{"line":32,"column":5}},"locations":[{"start":{"line":24,"column":69},"end":{"line":32,"column":5}}]},"9":{"type":"branch","line":41,"loc":{"start":{"line":41,"column":62},"end":{"line":41,"column":92}},"locations":[{"start":{"line":41,"column":62},"end":{"line":41,"column":92}}]},"10":{"type":"branch","line":44,"loc":{"start":{"line":44,"column":20},"end":{"line":44,"column":48}},"locations":[{"start":{"line":44,"column":20},"end":{"line":44,"column":48}}]},"11":{"type":"branch","line":47,"loc":{"start":{"line":47,"column":22},"end":{"line":47,"column":58}},"locations":[{"start":{"line":47,"column":22},"end":{"line":47,"column":58}}]}},"b":{"0":[18],"1":[2],"2":[16],"3":[2],"4":[16],"5":[9],"6":[4],"7":[1],"8":[1],"9":[2],"10":[2],"11":[2]},"fnMap":{"0":{"name":"Login","decl":{"start":{"line":9,"column":14},"end":{"line":54,"column":1}},"loc":{"start":{"line":9,"column":14},"end":{"line":54,"column":1}},"line":9},"1":{"name":"login","decl":{"start":{"line":21,"column":16},"end":{"line":35,"column":3}},"loc":{"start":{"line":21,"column":16},"end":{"line":35,"column":3}},"line":21},"2":{"name":"update","decl":{"start":{"line":41,"column":62},"end":{"line":41,"column":92}},"loc":{"start":{"line":41,"column":62},"end":{"line":41,"column":92}},"line":41},"3":{"name":"update","decl":{"start":{"line":44,"column":20},"end":{"line":44,"column":48}},"loc":{"start":{"line":44,"column":20},"end":{"line":44,"column":48}},"line":44},"4":{"name":"action","decl":{"start":{"line":47,"column":22},"end":{"line":47,"column":58}},"loc":{"start":{"line":47,"column":22},"end":{"line":47,"column":58}},"line":47}},"f":{"0":18,"1":1,"2":2,"3":2,"4":2}}
,"J:\\Projekte\\theKey\\keyAssessment\\src\\pages\\nodeList.tsx": {"path":"J:\\Projekte\\theKey\\keyAssessment\\src\\pages\\nodeList.tsx","all":false,"statementMap":{"0":{"start":{"line":1,"column":0},"end":{"line":1,"column":42}},"1":{"start":{"line":2,"column":0},"end":{"line":2,"column":49}},"2":{"start":{"line":3,"column":0},"end":{"line":3,"column":52}},"3":{"start":{"line":4,"column":0},"end":{"line":4,"column":63}},"4":{"start":{"line":5,"column":0},"end":{"line":5,"column":8}},"13":{"start":{"line":14,"column":0},"end":{"line":14,"column":8}},"19":{"start":{"line":20,"column":0},"end":{"line":20,"column":58}},"22":{"start":{"line":23,"column":0},"end":{"line":23,"column":24}},"23":{"start":{"line":24,"column":0},"end":{"line":24,"column":14}},"25":{"start":{"line":26,"column":0},"end":{"line":26,"column":24}},"26":{"start":{"line":27,"column":0},"end":{"line":27,"column":52}},"27":{"start":{"line":28,"column":0},"end":{"line":28,"column":54}},"28":{"start":{"line":29,"column":0},"end":{"line":29,"column":47}},"29":{"start":{"line":30,"column":0},"end":{"line":30,"column":52}},"30":{"start":{"line":31,"column":0},"end":{"line":31,"column":63}},"32":{"start":{"line":33,"column":0},"end":{"line":33,"column":69}},"33":{"start":{"line":34,"column":0},"end":{"line":34,"column":16}},"34":{"start":{"line":35,"column":0},"end":{"line":35,"column":23}},"35":{"start":{"line":36,"column":0},"end":{"line":36,"column":18}},"36":{"start":{"line":37,"column":0},"end":{"line":37,"column":6}},"37":{"start":{"line":38,"column":0},"end":{"line":38,"column":37}},"38":{"start":{"line":39,"column":0},"end":{"line":39,"column":5}},"41":{"start":{"line":42,"column":0},"end":{"line":42,"column":29}},"42":{"start":{"line":43,"column":0},"end":{"line":43,"column":29}},"43":{"start":{"line":44,"column":0},"end":{"line":44,"column":31}},"44":{"start":{"line":45,"column":0},"end":{"line":45,"column":51}},"45":{"start":{"line":46,"column":0},"end":{"line":46,"column":6}},"46":{"start":{"line":47,"column":0},"end":{"line":47,"column":4}},"49":{"start":{"line":50,"column":0},"end":{"line":50,"column":19}},"50":{"start":{"line":51,"column":0},"end":{"line":51,"column":49}},"51":{"start":{"line":52,"column":0},"end":{"line":52,"column":58}},"52":{"start":{"line":53,"column":0},"end":{"line":53,"column":62}},"54":{"start":{"line":55,"column":0},"end":{"line":55,"column":32}},"55":{"start":{"line":56,"column":0},"end":{"line":56,"column":50}},"57":{"start":{"line":58,"column":0},"end":{"line":58,"column":70}},"58":{"start":{"line":59,"column":0},"end":{"line":59,"column":72}},"59":{"start":{"line":60,"column":0},"end":{"line":60,"column":50}},"60":{"start":{"line":61,"column":0},"end":{"line":61,"column":92}},"61":{"start":{"line":62,"column":0},"end":{"line":62,"column":14}},"62":{"start":{"line":63,"column":0},"end":{"line":63,"column":117}},"63":{"start":{"line":64,"column":0},"end":{"line":64,"column":13}},"64":{"start":{"line":65,"column":0},"end":{"line":65,"column":9}},"65":{"start":{"line":66,"column":0},"end":{"line":66,"column":7}},"67":{"start":{"line":68,"column":0},"end":{"line":68,"column":31}},"68":{"start":{"line":69,"column":0},"end":{"line":69,"column":73}},"69":{"start":{"line":70,"column":0},"end":{"line":70,"column":5}},"70":{"start":{"line":71,"column":0},"end":{"line":71,"column":13}},"73":{"start":{"line":74,"column":0},"end":{"line":74,"column":31}},"74":{"start":{"line":75,"column":0},"end":{"line":75,"column":36}},"76":{"start":{"line":77,"column":0},"end":{"line":77,"column":22}},"77":{"start":{"line":78,"column":0},"end":{"line":78,"column":66}},"79":{"start":{"line":80,"column":0},"end":{"line":80,"column":15}},"80":{"start":{"line":81,"column":0},"end":{"line":81,"column":18}},"81":{"start":{"line":82,"column":0},"end":{"line":82,"column":25}},"82":{"start":{"line":83,"column":0},"end":{"line":83,"column":26}},"83":{"start":{"line":84,"column":0},"end":{"line":84,"column":8}},"84":{"start":{"line":85,"column":0},"end":{"line":85,"column":57}},"85":{"start":{"line":86,"column":0},"end":{"line":86,"column":48}},"87":{"start":{"line":88,"column":0},"end":{"line":88,"column":74}},"88":{"start":{"line":89,"column":0},"end":{"line":89,"column":77}},"90":{"start":{"line":91,"column":0},"end":{"line":91,"column":41}},"92":{"start":{"line":93,"column":0},"end":{"line":93,"column":16}},"93":{"start":{"line":94,"column":0},"end":{"line":94,"column":18}},"94":{"start":{"line":95,"column":0},"end":{"line":95,"column":32}},"95":{"start":{"line":96,"column":0},"end":{"line":96,"column":19}},"96":{"start":{"line":97,"column":0},"end":{"line":97,"column":39}},"97":{"start":{"line":98,"column":0},"end":{"line":98,"column":32}},"98":{"start":{"line":99,"column":0},"end":{"line":99,"column":57}},"99":{"start":{"line":100,"column":0},"end":{"line":100,"column":24}},"100":{"start":{"line":101,"column":0},"end":{"line":101,"column":65}},"101":{"start":{"line":102,"column":0},"end":{"line":102,"column":29}},"102":{"start":{"line":103,"column":0},"end":{"line":103,"column":18}},"103":{"start":{"line":104,"column":0},"end":{"line":104,"column":24}},"104":{"start":{"line":105,"column":0},"end":{"line":105,"column":15}},"105":{"start":{"line":106,"column":0},"end":{"line":106,"column":13}},"106":{"start":{"line":107,"column":0},"end":{"line":107,"column":11}},"107":{"start":{"line":108,"column":0},"end":{"line":108,"column":10}},"108":{"start":{"line":109,"column":0},"end":{"line":109,"column":7}},"109":{"start":{"line":110,"column":0},"end":{"line":110,"column":32}},"110":{"start":{"line":111,"column":0},"end":{"line":111,"column":34}},"111":{"start":{"line":112,"column":0},"end":{"line":112,"column":29}},"112":{"start":{"line":113,"column":0},"end":{"line":113,"column":18}},"113":{"start":{"line":114,"column":0},"end":{"line":114,"column":66}},"114":{"start":{"line":115,"column":0},"end":{"line":115,"column":11}},"116":{"start":{"line":117,"column":0},"end":{"line":117,"column":41}},"117":{"start":{"line":118,"column":0},"end":{"line":118,"column":7}},"118":{"start":{"line":119,"column":0},"end":{"line":119,"column":7}},"119":{"start":{"line":120,"column":0},"end":{"line":120,"column":4}},"122":{"start":{"line":123,"column":0},"end":{"line":123,"column":71}},"123":{"start":{"line":124,"column":0},"end":{"line":124,"column":24}},"125":{"start":{"line":126,"column":0},"end":{"line":126,"column":29}},"126":{"start":{"line":127,"column":0},"end":{"line":127,"column":38}},"127":{"start":{"line":128,"column":0},"end":{"line":128,"column":5}},"129":{"start":{"line":130,"column":0},"end":{"line":130,"column":62}},"130":{"start":{"line":131,"column":0},"end":{"line":131,"column":49}},"131":{"start":{"line":132,"column":0},"end":{"line":132,"column":24}},"132":{"start":{"line":133,"column":0},"end":{"line":133,"column":7}},"133":{"start":{"line":134,"column":0},"end":{"line":134,"column":7}},"135":{"start":{"line":136,"column":0},"end":{"line":136,"column":15}},"136":{"start":{"line":137,"column":0},"end":{"line":137,"column":39}},"137":{"start":{"line":138,"column":0},"end":{"line":138,"column":5}},"138":{"start":{"line":139,"column":0},"end":{"line":139,"column":40}},"140":{"start":{"line":141,"column":0},"end":{"line":141,"column":50}},"141":{"start":{"line":142,"column":0},"end":{"line":142,"column":35}},"143":{"start":{"line":144,"column":0},"end":{"line":144,"column":41}},"144":{"start":{"line":145,"column":0},"end":{"line":145,"column":13}},"145":{"start":{"line":146,"column":0},"end":{"line":146,"column":5}},"147":{"start":{"line":148,"column":0},"end":{"line":148,"column":28}},"148":{"start":{"line":149,"column":0},"end":{"line":149,"column":75}},"149":{"start":{"line":150,"column":0},"end":{"line":150,"column":73}},"151":{"start":{"line":152,"column":0},"end":{"line":152,"column":60}},"154":{"start":{"line":155,"column":0},"end":{"line":155,"column":48}},"155":{"start":{"line":156,"column":0},"end":{"line":156,"column":25}},"156":{"start":{"line":157,"column":0},"end":{"line":157,"column":10}},"157":{"start":{"line":158,"column":0},"end":{"line":158,"column":67}},"159":{"start":{"line":160,"column":0},"end":{"line":160,"column":22}},"160":{"start":{"line":161,"column":0},"end":{"line":161,"column":7}},"161":{"start":{"line":162,"column":0},"end":{"line":162,"column":4}},"163":{"start":{"line":164,"column":0},"end":{"line":164,"column":14}},"164":{"start":{"line":165,"column":0},"end":{"line":165,"column":42}},"165":{"start":{"line":166,"column":0},"end":{"line":166,"column":15}},"166":{"start":{"line":167,"column":0},"end":{"line":167,"column":5}},"168":{"start":{"line":169,"column":0},"end":{"line":169,"column":103}},"169":{"start":{"line":170,"column":0},"end":{"line":170,"column":3}},"171":{"start":{"line":172,"column":0},"end":{"line":172,"column":10}},"172":{"start":{"line":173,"column":0},"end":{"line":173,"column":61}},"173":{"start":{"line":174,"column":0},"end":{"line":174,"column":17}},"174":{"start":{"line":175,"column":0},"end":{"line":175,"column":25}},"175":{"start":{"line":176,"column":0},"end":{"line":176,"column":42}},"176":{"start":{"line":177,"column":0},"end":{"line":177,"column":33}},"178":{"start":{"line":179,"column":0},"end":{"line":179,"column":24}},"179":{"start":{"line":180,"column":0},"end":{"line":180,"column":53}},"180":{"start":{"line":181,"column":0},"end":{"line":181,"column":48}},"182":{"start":{"line":183,"column":0},"end":{"line":183,"column":53}},"183":{"start":{"line":184,"column":0},"end":{"line":184,"column":57}},"184":{"start":{"line":185,"column":0},"end":{"line":185,"column":105}},"185":{"start":{"line":186,"column":0},"end":{"line":186,"column":29}},"186":{"start":{"line":187,"column":0},"end":{"line":187,"column":36}},"187":{"start":{"line":188,"column":0},"end":{"line":188,"column":34}},"188":{"start":{"line":189,"column":0},"end":{"line":189,"column":18}},"189":{"start":{"line":190,"column":0},"end":{"line":190,"column":20}},"190":{"start":{"line":191,"column":0},"end":{"line":191,"column":15}},"192":{"start":{"line":193,"column":0},"end":{"line":193,"column":25}},"193":{"start":{"line":194,"column":0},"end":{"line":194,"column":69}},"194":{"start":{"line":195,"column":0},"end":{"line":195,"column":141}},"195":{"start":{"line":196,"column":0},"end":{"line":196,"column":20}},"198":{"start":{"line":199,"column":0},"end":{"line":199,"column":49}},"199":{"start":{"line":200,"column":0},"end":{"line":200,"column":69}},"201":{"start":{"line":202,"column":0},"end":{"line":202,"column":20}},"203":{"start":{"line":204,"column":0},"end":{"line":204,"column":16}},"204":{"start":{"line":205,"column":0},"end":{"line":205,"column":26}},"205":{"start":{"line":206,"column":0},"end":{"line":206,"column":19}},"206":{"start":{"line":207,"column":0},"end":{"line":207,"column":10}},"208":{"start":{"line":209,"column":0},"end":{"line":209,"column":2}},"210":{"start":{"line":211,"column":0},"end":{"line":211,"column":24}}},"s":{"0":1,"1":1,"2":1,"3":1,"4":1,"13":1,"19":1,"22":1,"23":14,"25":14,"26":14,"27":14,"28":14,"29":14,"30":14,"32":14,"33":14,"34":14,"35":14,"36":14,"37":14,"38":14,"41":14,"42":14,"43":14,"44":14,"45":14,"46":14,"49":14,"50":9,"51":3,"52":3,"54":3,"55":1,"57":1,"58":1,"59":2,"60":2,"61":2,"62":2,"63":1,"64":1,"65":1,"67":3,"68":3,"69":3,"70":14,"73":14,"74":0,"76":0,"77":0,"79":0,"80":0,"81":0,"82":0,"83":0,"84":0,"85":0,"87":0,"88":0,"90":0,"92":0,"93":0,"94":0,"95":0,"96":0,"97":0,"98":0,"99":0,"100":0,"101":0,"102":0,"103":0,"104":0,"105":0,"106":0,"107":0,"108":0,"109":0,"110":0,"111":0,"112":0,"113":0,"114":0,"116":0,"117":0,"118":0,"119":0,"122":14,"123":2,"125":2,"126":1,"127":1,"129":2,"130":0,"131":0,"132":0,"133":2,"135":2,"136":1,"137":1,"138":14,"140":14,"141":0,"143":0,"144":0,"145":0,"147":0,"148":0,"149":0,"151":0,"154":0,"155":0,"156":0,"157":0,"159":0,"160":0,"161":0,"163":14,"164":2,"165":1,"166":1,"168":2,"169":2,"171":12,"172":12,"173":12,"174":12,"175":12,"176":12,"178":12,"179":12,"180":12,"182":12,"183":12,"184":17,"185":17,"186":17,"187":17,"188":17,"189":17,"190":12,"192":12,"193":6,"194":6,"195":6,"198":14,"199":2,"201":2,"203":14,"204":14,"205":14,"206":14,"208":14,"210":1},"branchMap":{"0":{"type":"branch","line":23,"loc":{"start":{"line":23,"column":17},"end":{"line":209,"column":2}},"locations":[{"start":{"line":23,"column":17},"end":{"line":209,"column":2}}]},"1":{"type":"branch","line":164,"loc":{"start":{"line":164,"column":13},"end":{"line":170,"column":3}},"locations":[{"start":{"line":164,"column":13},"end":{"line":170,"column":3}}]},"2":{"type":"branch","line":165,"loc":{"start":{"line":165,"column":41},"end":{"line":167,"column":5}},"locations":[{"start":{"line":165,"column":41},"end":{"line":167,"column":5}}]},"3":{"type":"branch","line":170,"loc":{"start":{"line":170,"column":2},"end":{"line":193,"column":25}},"locations":[{"start":{"line":170,"column":2},"end":{"line":193,"column":25}}]},"4":{"type":"branch","line":193,"loc":{"start":{"line":193,"column":13},"end":{"line":196,"column":20}},"locations":[{"start":{"line":193,"column":13},"end":{"line":196,"column":20}}]},"5":{"type":"branch","line":199,"loc":{"start":{"line":199,"column":14},"end":{"line":199,"column":49}},"locations":[{"start":{"line":199,"column":14},"end":{"line":199,"column":49}}]},"6":{"type":"branch","line":199,"loc":{"start":{"line":199,"column":43},"end":{"line":202,"column":20}},"locations":[{"start":{"line":199,"column":43},"end":{"line":202,"column":20}}]},"7":{"type":"branch","line":50,"loc":{"start":{"line":50,"column":12},"end":{"line":71,"column":5}},"locations":[{"start":{"line":50,"column":12},"end":{"line":71,"column":5}}]},"8":{"type":"branch","line":51,"loc":{"start":{"line":51,"column":8},"end":{"line":51,"column":20}},"locations":[{"start":{"line":51,"column":8},"end":{"line":51,"column":20}}]},"9":{"type":"branch","line":51,"loc":{"start":{"line":51,"column":48},"end":{"line":70,"column":5}},"locations":[{"start":{"line":51,"column":48},"end":{"line":70,"column":5}}]},"10":{"type":"branch","line":55,"loc":{"start":{"line":55,"column":31},"end":{"line":66,"column":7}},"locations":[{"start":{"line":55,"column":31},"end":{"line":66,"column":7}}]},"11":{"type":"branch","line":59,"loc":{"start":{"line":59,"column":39},"end":{"line":64,"column":11}},"locations":[{"start":{"line":59,"column":39},"end":{"line":64,"column":11}}]},"12":{"type":"branch","line":61,"loc":{"start":{"line":61,"column":14},"end":{"line":61,"column":92}},"locations":[{"start":{"line":61,"column":14},"end":{"line":61,"column":92}}]},"13":{"type":"branch","line":123,"loc":{"start":{"line":123,"column":37},"end":{"line":139,"column":5}},"locations":[{"start":{"line":123,"column":37},"end":{"line":139,"column":5}}]},"14":{"type":"branch","line":124,"loc":{"start":{"line":124,"column":17},"end":{"line":124,"column":24}},"locations":[{"start":{"line":124,"column":17},"end":{"line":124,"column":24}}]},"15":{"type":"branch","line":126,"loc":{"start":{"line":126,"column":28},"end":{"line":128,"column":5}},"locations":[{"start":{"line":126,"column":28},"end":{"line":128,"column":5}}]},"16":{"type":"branch","line":136,"loc":{"start":{"line":136,"column":14},"end":{"line":138,"column":5}},"locations":[{"start":{"line":136,"column":14},"end":{"line":138,"column":5}}]},"17":{"type":"branch","line":180,"loc":{"start":{"line":180,"column":30},"end":{"line":180,"column":51}},"locations":[{"start":{"line":180,"column":30},"end":{"line":180,"column":51}}]},"18":{"type":"branch","line":184,"loc":{"start":{"line":184,"column":26},"end":{"line":190,"column":20}},"locations":[{"start":{"line":184,"column":26},"end":{"line":190,"column":20}}]},"19":{"type":"branch","line":185,"loc":{"start":{"line":185,"column":72},"end":{"line":185,"column":94}},"locations":[{"start":{"line":185,"column":72},"end":{"line":185,"column":94}}]},"20":{"type":"branch","line":185,"loc":{"start":{"line":185,"column":77},"end":{"line":185,"column":105}},"locations":[{"start":{"line":185,"column":77},"end":{"line":185,"column":105}}]}},"b":{"0":[14],"1":[2],"2":[1],"3":[12],"4":[6],"5":[2],"6":[2],"7":[9],"8":[3],"9":[3],"10":[1],"11":[2],"12":[4],"13":[2],"14":[0],"15":[1],"16":[1],"17":[17],"18":[17],"19":[1],"20":[16]},"fnMap":{"0":{"name":"NodeList","decl":{"start":{"line":23,"column":17},"end":{"line":209,"column":2}},"loc":{"start":{"line":23,"column":17},"end":{"line":209,"column":2}},"line":23},"1":{"name":"loadMoreItems","decl":{"start":{"line":74,"column":24},"end":{"line":120,"column":4}},"loc":{"start":{"line":74,"column":24},"end":{"line":120,"column":4}},"line":74},"2":{"name":"handleDragEnd","decl":{"start":{"line":141,"column":24},"end":{"line":162,"column":4}},"loc":{"start":{"line":141,"column":24},"end":{"line":162,"column":4}},"line":141}},"f":{"0":14,"1":0,"2":0}}
,"J:\\Projekte\\theKey\\keyAssessment\\src\\util\\connector.ts": {"path":"J:\\Projekte\\theKey\\keyAssessment\\src\\util\\connector.ts","all":true,"statementMap":{"0":{"start":{"line":1,"column":0},"end":{"line":1,"column":73}},"2":{"start":{"line":3,"column":0},"end":{"line":3,"column":24}}},"s":{"0":0,"2":0},"branchMap":{"0":{"type":"branch","line":1,"loc":{"start":{"line":1,"column":0},"end":{"line":3,"column":15}},"locations":[{"start":{"line":1,"column":0},"end":{"line":3,"column":15}}]}},"b":{"0":[0]},"fnMap":{"0":{"name":"(empty-report)","decl":{"start":{"line":1,"column":0},"end":{"line":3,"column":15}},"loc":{"start":{"line":1,"column":0},"end":{"line":3,"column":15}},"line":1}},"f":{"0":0}}
,"J:\\Projekte\\theKey\\keyAssessment\\src\\util\\content.ts": {"path":"J:\\Projekte\\theKey\\keyAssessment\\src\\util\\content.ts","all":false,"statementMap":{"0":{"start":{"line":1,"column":0},"end":{"line":1,"column":37}},"2":{"start":{"line":3,"column":0},"end":{"line":3,"column":31}}},"s":{"0":1,"2":1},"branchMap":{},"b":{},"fnMap":{},"f":{}}
,"J:\\Projekte\\theKey\\keyAssessment\\src\\util\\user.ts": {"path":"J:\\Projekte\\theKey\\keyAssessment\\src\\util\\user.ts","all":false,"statementMap":{"0":{"start":{"line":1,"column":0},"end":{"line":1,"column":35}},"2":{"start":{"line":3,"column":0},"end":{"line":3,"column":29}},"17":{"start":{"line":18,"column":0},"end":{"line":18,"column":30}},"28":{"start":{"line":29,"column":0},"end":{"line":29,"column":33}},"29":{"start":{"line":30,"column":0},"end":{"line":30,"column":48}},"30":{"start":{"line":31,"column":0},"end":{"line":31,"column":1}},"32":{"start":{"line":33,"column":0},"end":{"line":33,"column":47}},"33":{"start":{"line":34,"column":0},"end":{"line":34,"column":39}},"34":{"start":{"line":35,"column":0},"end":{"line":35,"column":1}},"36":{"start":{"line":37,"column":0},"end":{"line":37,"column":29}},"37":{"start":{"line":38,"column":0},"end":{"line":38,"column":35}},"38":{"start":{"line":39,"column":0},"end":{"line":39,"column":34}},"39":{"start":{"line":40,"column":0},"end":{"line":40,"column":1}},"41":{"start":{"line":42,"column":0},"end":{"line":42,"column":32}},"42":{"start":{"line":43,"column":0},"end":{"line":43,"column":40}},"43":{"start":{"line":44,"column":0},"end":{"line":44,"column":51}},"44":{"start":{"line":45,"column":0},"end":{"line":45,"column":31}},"45":{"start":{"line":46,"column":0},"end":{"line":46,"column":60}},"46":{"start":{"line":47,"column":0},"end":{"line":47,"column":36}},"47":{"start":{"line":48,"column":0},"end":{"line":48,"column":3}},"48":{"start":{"line":49,"column":0},"end":{"line":49,"column":1}}},"s":{"0":1,"2":1,"17":1,"28":1,"29":0,"30":0,"32":1,"33":0,"34":0,"36":1,"37":0,"38":0,"39":0,"41":1,"42":0,"43":0,"44":0,"45":0,"46":0,"47":0,"48":0},"branchMap":{},"b":{},"fnMap":{"0":{"name":"isLoggedIn","decl":{"start":{"line":29,"column":26},"end":{"line":31,"column":1}},"loc":{"start":{"line":29,"column":26},"end":{"line":31,"column":1}},"line":29},"1":{"name":"setLoggedIn","decl":{"start":{"line":33,"column":27},"end":{"line":35,"column":1}},"loc":{"start":{"line":33,"column":27},"end":{"line":35,"column":1}},"line":33},"2":{"name":"logout","decl":{"start":{"line":37,"column":22},"end":{"line":40,"column":1}},"loc":{"start":{"line":37,"column":22},"end":{"line":40,"column":1}},"line":37},"3":{"name":"checkAuth","decl":{"start":{"line":42,"column":25},"end":{"line":49,"column":1}},"loc":{"start":{"line":42,"column":25},"end":{"line":49,"column":1}},"line":42}},"f":{"0":0,"1":0,"2":0,"3":0}}
}
